<?xml version="1.0" encoding="UTF-8"?>
<!-- Generated by org.testng.reporters.JUnitReportReporter -->
<testsuite hostname="gbibc-dv00-17-v" name="com.ics.tests.ia.MessagesLoadAndValidation" tests="1" failures="0" timestamp="4 Dec 2017 17:05:31 GMT" time="0.390" errors="0">
  <testcase name="testcase77337" time="0.390" classname="com.ics.tests.ia.MessagesLoadAndValidation"/>
</testsuite> <!-- com.ics.tests.ia.MessagesLoadAndValidation -->
