<?xml version="1.0" encoding="UTF-8"?>
<!-- Generated by org.testng.reporters.JUnitReportReporter -->
<testsuite hostname="gbibc-dv00-17-v" name="com.ics.tests.referenceData.Sprint3_3" tests="1" failures="0" timestamp="1 Mar 2017 16:38:12 GMT" time="2.085" errors="0">
  <testcase name="test_74379" time="2.085" classname="com.ics.tests.referenceData.Sprint3_3"/>
</testsuite> <!-- com.ics.tests.referenceData.Sprint3_3 -->
