<?xml version="1.0" encoding="UTF-8"?>
<!-- Generated by org.testng.reporters.JUnitReportReporter -->
<testsuite hostname="gbibc-dv00-17-v" name="com.ics.tests.rNe.Sprint1_2" tests="4" failures="0" timestamp="21 Feb 2017 09:33:55 GMT" time="0.201" errors="0">
  <testcase name="test_case_60854" time="0.005" classname="com.ics.tests.rNe.Sprint1_2"/>
  <testcase name="test_case_58821" time="0.188" classname="com.ics.tests.rNe.Sprint1_2"/>
  <testcase name="test_case_58826" time="0.004" classname="com.ics.tests.rNe.Sprint1_2"/>
  <testcase name="test_case_58822" time="0.004" classname="com.ics.tests.rNe.Sprint1_2"/>
</testsuite> <!-- com.ics.tests.rNe.Sprint1_2 -->
