<?xml version="1.0" encoding="UTF-8"?>
<!-- Generated by org.testng.reporters.JUnitReportReporter -->
<testsuite hostname="gbibc-dv00-17-v" name="com.ics.tests.rNe.Sprint2_2" tests="1" failures="0" timestamp="21 Feb 2017 13:50:37 GMT" time="0.182" errors="0">
  <testcase name="test_case_65813" time="0.182" classname="com.ics.tests.rNe.Sprint2_2"/>
</testsuite> <!-- com.ics.tests.rNe.Sprint2_2 -->
