<?xml version="1.0" encoding="UTF-8"?>
<!-- Generated by org.testng.reporters.JUnitReportReporter -->
<testsuite hostname="gbibc-dv00-17-v" name="com.ics.tests.dew.RegressionCore" tests="1" failures="0" timestamp="21 Apr 2017 17:54:28 GMT" time="89.640" errors="0">
  <testcase name="testcase54623" time="89.640" classname="com.ics.tests.dew.RegressionCore"/>
</testsuite> <!-- com.ics.tests.dew.RegressionCore -->
