<?xml version="1.0" encoding="UTF-8"?>
<!-- Generated by org.testng.reporters.JUnitReportReporter -->
<testsuite hostname="gbibc-dv00-17-v" name="com.ics.tests.rNe.Sprint3_4" tests="1" failures="0" timestamp="1 Mar 2017 16:17:42 GMT" time="0.692" errors="0">
  <testcase name="test_case_58821" time="0.692" classname="com.ics.tests.rNe.Sprint3_4"/>
</testsuite> <!-- com.ics.tests.rNe.Sprint3_4 -->
