<?xml version="1.0" encoding="UTF-8"?>
<!-- Generated by org.testng.reporters.JUnitReportReporter -->
<testsuite hostname="gbibc-dv00-17-v" name="com.ics.tests.rNe.Sprint2_1" tests="1" failures="0" timestamp="2 Mar 2017 15:21:31 GMT" time="0.481" errors="0">
  <testcase name="test_case_58821" time="0.481" classname="com.ics.tests.rNe.Sprint2_1"/>
</testsuite> <!-- com.ics.tests.rNe.Sprint2_1 -->
