<?xml version="1.0" encoding="UTF-8"?>
<!-- Generated by org.testng.reporters.JUnitReportReporter -->
<testsuite hostname="gbibc-dv00-17-v" name="com.ics.tests.agency.Sprint2_2" tests="1" failures="0" timestamp="2 Mar 2017 15:40:45 GMT" time="81.609" errors="0">
  <testcase name="test_case_65857" time="81.609" classname="com.ics.tests.agency.Sprint2_2"/>
</testsuite> <!-- com.ics.tests.agency.Sprint2_2 -->
