<?xml version="1.0" encoding="UTF-8"?>
<!-- Generated by org.testng.reporters.JUnitReportReporter -->
<testsuite hostname="gbibc-dv00-17-v" name="com.ics.tests.fred.Sprint_3_2_New" tests="1" failures="0" timestamp="27 Feb 2017 03:01:55 GMT" time="0.187" errors="0">
  <testcase name="test_case_62510" time="0.187" classname="com.ics.tests.fred.Sprint_3_2_New"/>
</testsuite> <!-- com.ics.tests.fred.Sprint_3_2_New -->
