<?xml version="1.0" encoding="UTF-8"?>
<!-- Generated by org.testng.reporters.JUnitReportReporter -->
<testsuite hostname="gbibc-dv00-17-v" name="com.ics.tests.ia.Sprint2_0" tests="1" failures="0" timestamp="26 Feb 2017 19:30:01 GMT" time="32.102" errors="0">
  <testcase name="TC77820" time="32.102" classname="com.ics.tests.ia.Sprint2_0"/>
</testsuite> <!-- com.ics.tests.ia.Sprint2_0 -->
