<?xml version="1.0" encoding="UTF-8"?>
<!-- Generated by org.testng.reporters.JUnitReportReporter -->
<testsuite hostname="gbibc-dv00-17-v" name="com.ics.tests.ia.SideMenu" tests="1" failures="0" timestamp="1 Mar 2017 15:02:55 GMT" time="48.798" errors="0">
  <testcase name="testcase54755" time="48.798" classname="com.ics.tests.ia.SideMenu"/>
</testsuite> <!-- com.ics.tests.ia.SideMenu -->
