<?xml version="1.0" encoding="UTF-8"?>
<!-- Generated by org.testng.reporters.JUnitReportReporter -->
<testsuite hostname="gbibc-dv00-17-v" name="com.ics.tests.agency.Sprint2_3" tests="1" failures="0" timestamp="2 Mar 2017 17:00:45 GMT" time="36.820" errors="0">
  <testcase name="test_case_69442" time="36.820" classname="com.ics.tests.agency.Sprint2_3"/>
</testsuite> <!-- com.ics.tests.agency.Sprint2_3 -->
