<?xml version="1.0" encoding="UTF-8"?>
<!-- Generated by org.testng.reporters.JUnitReportReporter -->
<testsuite hostname="gbibc-dv00-17-v" name="com.ics.tests.referenceData.Sprint3_2" tests="1" failures="0" timestamp="27 Feb 2017 13:50:44 GMT" time="0.618" errors="0">
  <testcase name="test_76191" time="0.618" classname="com.ics.tests.referenceData.Sprint3_2"/>
</testsuite> <!-- com.ics.tests.referenceData.Sprint3_2 -->
