<?xml version="1.0" encoding="UTF-8"?>
<!-- Generated by org.testng.reporters.JUnitReportReporter -->
<testsuite hostname="gbibc-dv00-17-v" name="com.ics.tests.fred.Sprint3_2_New" tests="1" failures="0" timestamp="2 Mar 2017 17:08:51 GMT" time="4.360" errors="0">
  <testcase name="test_case_65881" time="4.360" classname="com.ics.tests.fred.Sprint3_2_New"/>
</testsuite> <!-- com.ics.tests.fred.Sprint3_2_New -->
