<?xml version="1.0" encoding="UTF-8"?>
<!-- Generated by org.testng.reporters.JUnitReportReporter -->
<testsuite hostname="gbibc-dv00-17-v" name="com.ics.tests.pit.Test1" tests="1" failures="0" timestamp="21 Feb 2017 13:56:21 GMT" time="0.175" errors="0">
  <testcase name="mm" time="0.175" classname="com.ics.tests.pit.Test1"/>
</testsuite> <!-- com.ics.tests.pit.Test1 -->
