<?xml version="1.0" encoding="UTF-8"?>
<!-- Generated by org.testng.reporters.JUnitReportReporter -->
<testsuite hostname="gbibc-dv00-17-v" name="com.ics.tests.ia.LoginLogoutFunction" tests="1" failures="0" timestamp="28 Feb 2017 14:28:12 GMT" time="66.880" errors="0">
  <testcase name="TC52022" time="66.880" classname="com.ics.tests.ia.LoginLogoutFunction"/>
</testsuite> <!-- com.ics.tests.ia.LoginLogoutFunction -->
