<?xml version="1.0" encoding="UTF-8"?>
<!-- Generated by org.testng.reporters.JUnitReportReporter -->
<testsuite hostname="gbibc-dv00-17-v" name="com.ics.tests.ia.WebServicesTest_IA" tests="1" failures="0" timestamp="4 Dec 2017 14:52:09 GMT" time="1.191" errors="0">
  <testcase name="testICSDefaultedItemDetailsQuery" time="1.191" classname="com.ics.tests.ia.WebServicesTest_IA"/>
</testsuite> <!-- com.ics.tests.ia.WebServicesTest_IA -->
