<?xml version="1.0" encoding="UTF-8"?>
<!-- Generated by org.testng.reporters.JUnitReportReporter -->
<testsuite hostname="gbibc-dv00-17-v" name="com.ics.tests.fred.Sprint3_2" tests="10" failures="2" timestamp="1 Mar 2017 22:27:41 GMT" time="10.139" errors="6">
  <testcase name="test_case_63234" time="0.270" classname="com.ics.tests.fred.Sprint3_2"/>
  <testcase name="test_case_58566" time="1.491" classname="com.ics.tests.fred.Sprint3_2">
    <failure type="java.lang.AssertionError" message="Actual and Expected values are same. expected [null] but found []">
      <![CDATA[java.lang.AssertionError: Actual and Expected values are same. expected [null] but found []
	at org.testng.Assert.fail(Assert.java:94)
	at org.testng.Assert.failNotEquals(Assert.java:513)
	at org.testng.Assert.assertEqualsImpl(Assert.java:130)
	at org.testng.Assert.assertEquals(Assert.java:116)
	at com.ics.seleniumCoreUtilis.Component.assertEquals(Component.java:108)
	at com.ics.fred.testScenarios.E022MessageLoadedIntoFREDDatabase.validateE022MessageLoadedIntoFredDB(E022MessageLoadedIntoFREDDatabase.java:41)
	at com.ics.tests.fred.Sprint3_2.test_case_58566(Sprint3_2.java:126)
	at sun.reflect.NativeMethodAccessorImpl.invoke0(Native Method)
	at sun.reflect.NativeMethodAccessorImpl.invoke(Unknown Source)
	at sun.reflect.DelegatingMethodAccessorImpl.invoke(Unknown Source)
	at java.lang.reflect.Method.invoke(Unknown Source)
	at org.testng.internal.MethodInvocationHelper.invokeMethod(MethodInvocationHelper.java:86)
	at org.testng.internal.Invoker.invokeMethod(Invoker.java:643)
	at org.testng.internal.Invoker.invokeTestMethod(Invoker.java:820)
	at org.testng.internal.Invoker.invokeTestMethods(Invoker.java:1128)
	at org.testng.internal.TestMethodWorker.invokeTestMethods(TestMethodWorker.java:129)
	at org.testng.internal.TestMethodWorker.run(TestMethodWorker.java:112)
	at org.testng.TestRunner.privateRun(TestRunner.java:782)
	at org.testng.TestRunner.run(TestRunner.java:632)
	at org.testng.SuiteRunner.runTest(SuiteRunner.java:366)
	at org.testng.SuiteRunner.runSequentially(SuiteRunner.java:361)
	at org.testng.SuiteRunner.privateRun(SuiteRunner.java:319)
	at org.testng.SuiteRunner.run(SuiteRunner.java:268)
	at org.testng.SuiteRunnerWorker.runSuite(SuiteRunnerWorker.java:52)
	at org.testng.SuiteRunnerWorker.run(SuiteRunnerWorker.java:86)
	at org.testng.TestNG.runSuitesSequentially(TestNG.java:1244)
	at org.testng.TestNG.runSuitesLocally(TestNG.java:1169)
	at org.testng.TestNG.run(TestNG.java:1064)
	at org.testng.remote.AbstractRemoteTestNG.run(AbstractRemoteTestNG.java:132)
	at org.testng.remote.RemoteTestNG.initAndRun(RemoteTestNG.java:236)
	at org.testng.remote.RemoteTestNG.main(RemoteTestNG.java:81)
]]>
    </failure>
  </testcase> <!-- test_case_58566 -->
  <testcase name="test_case_74431" time="0.002" classname="com.ics.tests.fred.Sprint3_2"/>
  <testcase name="test_case_77326" time="0.996" classname="com.ics.tests.fred.Sprint3_2">
    <error type="com.microsoft.sqlserver.jdbc.SQLServerException" message="Invalid object name &#039;config.config&#039;.">
      <![CDATA[com.microsoft.sqlserver.jdbc.SQLServerException: Invalid object name 'config.config'.
	at com.microsoft.sqlserver.jdbc.SQLServerException.makeFromDatabaseError(SQLServerException.java:232)
	at com.microsoft.sqlserver.jdbc.SQLServerStatement.getNextResult(SQLServerStatement.java:1672)
	at com.microsoft.sqlserver.jdbc.SQLServerStatement.doExecuteStatement(SQLServerStatement.java:903)
	at com.microsoft.sqlserver.jdbc.SQLServerStatement$StmtExecCmd.doExecute(SQLServerStatement.java:796)
	at com.microsoft.sqlserver.jdbc.TDSCommand.execute(IOBuffer.java:7535)
	at com.microsoft.sqlserver.jdbc.SQLServerConnection.executeCommand(SQLServerConnection.java:2438)
	at com.microsoft.sqlserver.jdbc.SQLServerStatement.executeCommand(SQLServerStatement.java:208)
	at com.microsoft.sqlserver.jdbc.SQLServerStatement.executeStatement(SQLServerStatement.java:183)
	at com.microsoft.sqlserver.jdbc.SQLServerStatement.execute(SQLServerStatement.java:769)
	at com.ics.externalFactoryUtilis.ICSProductDBConnection.getICSDBServerConnection(ICSProductDBConnection.java:21)
	at com.ics.fred.testScenarios.FREDDIX9ExtractIDValidation.validAndInvalidDIExtractIDValidation(FREDDIX9ExtractIDValidation.java:30)
	at com.ics.tests.fred.Sprint3_2.test_case_77326(Sprint3_2.java:160)
	at sun.reflect.NativeMethodAccessorImpl.invoke0(Native Method)
	at sun.reflect.NativeMethodAccessorImpl.invoke(Unknown Source)
	at sun.reflect.DelegatingMethodAccessorImpl.invoke(Unknown Source)
	at java.lang.reflect.Method.invoke(Unknown Source)
	at org.testng.internal.MethodInvocationHelper.invokeMethod(MethodInvocationHelper.java:86)
	at org.testng.internal.Invoker.invokeMethod(Invoker.java:643)
	at org.testng.internal.Invoker.invokeTestMethod(Invoker.java:820)
	at org.testng.internal.Invoker.invokeTestMethods(Invoker.java:1128)
	at org.testng.internal.TestMethodWorker.invokeTestMethods(TestMethodWorker.java:129)
	at org.testng.internal.TestMethodWorker.run(TestMethodWorker.java:112)
	at org.testng.TestRunner.privateRun(TestRunner.java:782)
	at org.testng.TestRunner.run(TestRunner.java:632)
	at org.testng.SuiteRunner.runTest(SuiteRunner.java:366)
	at org.testng.SuiteRunner.runSequentially(SuiteRunner.java:361)
	at org.testng.SuiteRunner.privateRun(SuiteRunner.java:319)
	at org.testng.SuiteRunner.run(SuiteRunner.java:268)
	at org.testng.SuiteRunnerWorker.runSuite(SuiteRunnerWorker.java:52)
	at org.testng.SuiteRunnerWorker.run(SuiteRunnerWorker.java:86)
	at org.testng.TestNG.runSuitesSequentially(TestNG.java:1244)
	at org.testng.TestNG.runSuitesLocally(TestNG.java:1169)
	at org.testng.TestNG.run(TestNG.java:1064)
	at org.testng.remote.AbstractRemoteTestNG.run(AbstractRemoteTestNG.java:132)
	at org.testng.remote.RemoteTestNG.initAndRun(RemoteTestNG.java:236)
	at org.testng.remote.RemoteTestNG.main(RemoteTestNG.java:81)
]]>
    </error>
  </testcase> <!-- test_case_77326 -->
  <testcase name="test_case_77830" time="0.614" classname="com.ics.tests.fred.Sprint3_2">
    <error type="com.microsoft.sqlserver.jdbc.SQLServerException" message="Invalid object name &#039;config.config&#039;.">
      <![CDATA[com.microsoft.sqlserver.jdbc.SQLServerException: Invalid object name 'config.config'.
	at com.microsoft.sqlserver.jdbc.SQLServerException.makeFromDatabaseError(SQLServerException.java:232)
	at com.microsoft.sqlserver.jdbc.SQLServerStatement.getNextResult(SQLServerStatement.java:1672)
	at com.microsoft.sqlserver.jdbc.SQLServerStatement.doExecuteStatement(SQLServerStatement.java:903)
	at com.microsoft.sqlserver.jdbc.SQLServerStatement$StmtExecCmd.doExecute(SQLServerStatement.java:796)
	at com.microsoft.sqlserver.jdbc.TDSCommand.execute(IOBuffer.java:7535)
	at com.microsoft.sqlserver.jdbc.SQLServerConnection.executeCommand(SQLServerConnection.java:2438)
	at com.microsoft.sqlserver.jdbc.SQLServerStatement.executeCommand(SQLServerStatement.java:208)
	at com.microsoft.sqlserver.jdbc.SQLServerStatement.executeStatement(SQLServerStatement.java:183)
	at com.microsoft.sqlserver.jdbc.SQLServerStatement.execute(SQLServerStatement.java:769)
	at com.ics.externalFactoryUtilis.ICSProductDBConnection.getICSDBServerConnection(ICSProductDBConnection.java:21)
	at com.ics.fred.testScenarios.FREDDIMF01BusinessDateValidation.validAndInvalidDIBusinessDateValidation(FREDDIMF01BusinessDateValidation.java:37)
	at com.ics.tests.fred.Sprint3_2.test_case_77830(Sprint3_2.java:105)
	at sun.reflect.NativeMethodAccessorImpl.invoke0(Native Method)
	at sun.reflect.NativeMethodAccessorImpl.invoke(Unknown Source)
	at sun.reflect.DelegatingMethodAccessorImpl.invoke(Unknown Source)
	at java.lang.reflect.Method.invoke(Unknown Source)
	at org.testng.internal.MethodInvocationHelper.invokeMethod(MethodInvocationHelper.java:86)
	at org.testng.internal.Invoker.invokeMethod(Invoker.java:643)
	at org.testng.internal.Invoker.invokeTestMethod(Invoker.java:820)
	at org.testng.internal.Invoker.invokeTestMethods(Invoker.java:1128)
	at org.testng.internal.TestMethodWorker.invokeTestMethods(TestMethodWorker.java:129)
	at org.testng.internal.TestMethodWorker.run(TestMethodWorker.java:112)
	at org.testng.TestRunner.privateRun(TestRunner.java:782)
	at org.testng.TestRunner.run(TestRunner.java:632)
	at org.testng.SuiteRunner.runTest(SuiteRunner.java:366)
	at org.testng.SuiteRunner.runSequentially(SuiteRunner.java:361)
	at org.testng.SuiteRunner.privateRun(SuiteRunner.java:319)
	at org.testng.SuiteRunner.run(SuiteRunner.java:268)
	at org.testng.SuiteRunnerWorker.runSuite(SuiteRunnerWorker.java:52)
	at org.testng.SuiteRunnerWorker.run(SuiteRunnerWorker.java:86)
	at org.testng.TestNG.runSuitesSequentially(TestNG.java:1244)
	at org.testng.TestNG.runSuitesLocally(TestNG.java:1169)
	at org.testng.TestNG.run(TestNG.java:1064)
	at org.testng.remote.AbstractRemoteTestNG.run(AbstractRemoteTestNG.java:132)
	at org.testng.remote.RemoteTestNG.initAndRun(RemoteTestNG.java:236)
	at org.testng.remote.RemoteTestNG.main(RemoteTestNG.java:81)
]]>
    </error>
  </testcase> <!-- test_case_77830 -->
  <testcase name="test_case_78180" time="0.806" classname="com.ics.tests.fred.Sprint3_2">
    <error type="com.microsoft.sqlserver.jdbc.SQLServerException" message="Invalid object name &#039;config.config&#039;.">
      <![CDATA[com.microsoft.sqlserver.jdbc.SQLServerException: Invalid object name 'config.config'.
	at com.microsoft.sqlserver.jdbc.SQLServerException.makeFromDatabaseError(SQLServerException.java:232)
	at com.microsoft.sqlserver.jdbc.SQLServerStatement.getNextResult(SQLServerStatement.java:1672)
	at com.microsoft.sqlserver.jdbc.SQLServerStatement.doExecuteStatement(SQLServerStatement.java:903)
	at com.microsoft.sqlserver.jdbc.SQLServerStatement$StmtExecCmd.doExecute(SQLServerStatement.java:796)
	at com.microsoft.sqlserver.jdbc.TDSCommand.execute(IOBuffer.java:7535)
	at com.microsoft.sqlserver.jdbc.SQLServerConnection.executeCommand(SQLServerConnection.java:2438)
	at com.microsoft.sqlserver.jdbc.SQLServerStatement.executeCommand(SQLServerStatement.java:208)
	at com.microsoft.sqlserver.jdbc.SQLServerStatement.executeStatement(SQLServerStatement.java:183)
	at com.microsoft.sqlserver.jdbc.SQLServerStatement.execute(SQLServerStatement.java:769)
	at com.ics.externalFactoryUtilis.ICSProductDBConnection.getICSDBServerConnection(ICSProductDBConnection.java:21)
	at com.ics.fred.testScenarios.FREDCIMF01BusinessDateValidation.validAndInvalidCIBusinessDateValidation(FREDCIMF01BusinessDateValidation.java:36)
	at com.ics.tests.fred.Sprint3_2.test_case_78180(Sprint3_2.java:116)
	at sun.reflect.NativeMethodAccessorImpl.invoke0(Native Method)
	at sun.reflect.NativeMethodAccessorImpl.invoke(Unknown Source)
	at sun.reflect.DelegatingMethodAccessorImpl.invoke(Unknown Source)
	at java.lang.reflect.Method.invoke(Unknown Source)
	at org.testng.internal.MethodInvocationHelper.invokeMethod(MethodInvocationHelper.java:86)
	at org.testng.internal.Invoker.invokeMethod(Invoker.java:643)
	at org.testng.internal.Invoker.invokeTestMethod(Invoker.java:820)
	at org.testng.internal.Invoker.invokeTestMethods(Invoker.java:1128)
	at org.testng.internal.TestMethodWorker.invokeTestMethods(TestMethodWorker.java:129)
	at org.testng.internal.TestMethodWorker.run(TestMethodWorker.java:112)
	at org.testng.TestRunner.privateRun(TestRunner.java:782)
	at org.testng.TestRunner.run(TestRunner.java:632)
	at org.testng.SuiteRunner.runTest(SuiteRunner.java:366)
	at org.testng.SuiteRunner.runSequentially(SuiteRunner.java:361)
	at org.testng.SuiteRunner.privateRun(SuiteRunner.java:319)
	at org.testng.SuiteRunner.run(SuiteRunner.java:268)
	at org.testng.SuiteRunnerWorker.runSuite(SuiteRunnerWorker.java:52)
	at org.testng.SuiteRunnerWorker.run(SuiteRunnerWorker.java:86)
	at org.testng.TestNG.runSuitesSequentially(TestNG.java:1244)
	at org.testng.TestNG.runSuitesLocally(TestNG.java:1169)
	at org.testng.TestNG.run(TestNG.java:1064)
	at org.testng.remote.AbstractRemoteTestNG.run(AbstractRemoteTestNG.java:132)
	at org.testng.remote.RemoteTestNG.initAndRun(RemoteTestNG.java:236)
	at org.testng.remote.RemoteTestNG.main(RemoteTestNG.java:81)
]]>
    </error>
  </testcase> <!-- test_case_78180 -->
  <testcase name="test_case_78183" time="0.382" classname="com.ics.tests.fred.Sprint3_2">
    <error type="com.microsoft.sqlserver.jdbc.SQLServerException" message="Invalid object name &#039;config.config&#039;.">
      <![CDATA[com.microsoft.sqlserver.jdbc.SQLServerException: Invalid object name 'config.config'.
	at com.microsoft.sqlserver.jdbc.SQLServerException.makeFromDatabaseError(SQLServerException.java:232)
	at com.microsoft.sqlserver.jdbc.SQLServerStatement.getNextResult(SQLServerStatement.java:1672)
	at com.microsoft.sqlserver.jdbc.SQLServerStatement.doExecuteStatement(SQLServerStatement.java:903)
	at com.microsoft.sqlserver.jdbc.SQLServerStatement$StmtExecCmd.doExecute(SQLServerStatement.java:796)
	at com.microsoft.sqlserver.jdbc.TDSCommand.execute(IOBuffer.java:7535)
	at com.microsoft.sqlserver.jdbc.SQLServerConnection.executeCommand(SQLServerConnection.java:2438)
	at com.microsoft.sqlserver.jdbc.SQLServerStatement.executeCommand(SQLServerStatement.java:208)
	at com.microsoft.sqlserver.jdbc.SQLServerStatement.executeStatement(SQLServerStatement.java:183)
	at com.microsoft.sqlserver.jdbc.SQLServerStatement.execute(SQLServerStatement.java:769)
	at com.ics.externalFactoryUtilis.ICSProductDBConnection.getICSDBServerConnection(ICSProductDBConnection.java:21)
	at com.ics.fred.testScenarios.FREDCIX9ExtractIDValidation.validAndInvalidCIExtractIDValidation(FREDCIX9ExtractIDValidation.java:26)
	at com.ics.tests.fred.Sprint3_2.test_case_78183(Sprint3_2.java:147)
	at sun.reflect.NativeMethodAccessorImpl.invoke0(Native Method)
	at sun.reflect.NativeMethodAccessorImpl.invoke(Unknown Source)
	at sun.reflect.DelegatingMethodAccessorImpl.invoke(Unknown Source)
	at java.lang.reflect.Method.invoke(Unknown Source)
	at org.testng.internal.MethodInvocationHelper.invokeMethod(MethodInvocationHelper.java:86)
	at org.testng.internal.Invoker.invokeMethod(Invoker.java:643)
	at org.testng.internal.Invoker.invokeTestMethod(Invoker.java:820)
	at org.testng.internal.Invoker.invokeTestMethods(Invoker.java:1128)
	at org.testng.internal.TestMethodWorker.invokeTestMethods(TestMethodWorker.java:129)
	at org.testng.internal.TestMethodWorker.run(TestMethodWorker.java:112)
	at org.testng.TestRunner.privateRun(TestRunner.java:782)
	at org.testng.TestRunner.run(TestRunner.java:632)
	at org.testng.SuiteRunner.runTest(SuiteRunner.java:366)
	at org.testng.SuiteRunner.runSequentially(SuiteRunner.java:361)
	at org.testng.SuiteRunner.privateRun(SuiteRunner.java:319)
	at org.testng.SuiteRunner.run(SuiteRunner.java:268)
	at org.testng.SuiteRunnerWorker.runSuite(SuiteRunnerWorker.java:52)
	at org.testng.SuiteRunnerWorker.run(SuiteRunnerWorker.java:86)
	at org.testng.TestNG.runSuitesSequentially(TestNG.java:1244)
	at org.testng.TestNG.runSuitesLocally(TestNG.java:1169)
	at org.testng.TestNG.run(TestNG.java:1064)
	at org.testng.remote.AbstractRemoteTestNG.run(AbstractRemoteTestNG.java:132)
	at org.testng.remote.RemoteTestNG.initAndRun(RemoteTestNG.java:236)
	at org.testng.remote.RemoteTestNG.main(RemoteTestNG.java:81)
]]>
    </error>
  </testcase> <!-- test_case_78183 -->
  <testcase name="test_case_62948_Single" time="1.976" classname="com.ics.tests.fred.Sprint3_2">
    <error type="com.microsoft.sqlserver.jdbc.SQLServerException" message="Invalid object name &#039;config.config&#039;.">
      <![CDATA[com.microsoft.sqlserver.jdbc.SQLServerException: Invalid object name 'config.config'.
	at com.microsoft.sqlserver.jdbc.SQLServerException.makeFromDatabaseError(SQLServerException.java:232)
	at com.microsoft.sqlserver.jdbc.SQLServerStatement.getNextResult(SQLServerStatement.java:1672)
	at com.microsoft.sqlserver.jdbc.SQLServerStatement.doExecuteStatement(SQLServerStatement.java:903)
	at com.microsoft.sqlserver.jdbc.SQLServerStatement$StmtExecCmd.doExecute(SQLServerStatement.java:796)
	at com.microsoft.sqlserver.jdbc.TDSCommand.execute(IOBuffer.java:7535)
	at com.microsoft.sqlserver.jdbc.SQLServerConnection.executeCommand(SQLServerConnection.java:2438)
	at com.microsoft.sqlserver.jdbc.SQLServerStatement.executeCommand(SQLServerStatement.java:208)
	at com.microsoft.sqlserver.jdbc.SQLServerStatement.executeStatement(SQLServerStatement.java:183)
	at com.microsoft.sqlserver.jdbc.SQLServerStatement.execute(SQLServerStatement.java:769)
	at com.ics.externalFactoryUtilis.ICSProductDBConnection.getICSDBServerConnection(ICSProductDBConnection.java:21)
	at com.ics.fred.testScenarios.SingleFileInsertionCreditItem.generateAndVerifyX9FileName(SingleFileInsertionCreditItem.java:30)
	at com.ics.tests.fred.Sprint3_2.test_case_62948_Single(Sprint3_2.java:85)
	at sun.reflect.NativeMethodAccessorImpl.invoke0(Native Method)
	at sun.reflect.NativeMethodAccessorImpl.invoke(Unknown Source)
	at sun.reflect.DelegatingMethodAccessorImpl.invoke(Unknown Source)
	at java.lang.reflect.Method.invoke(Unknown Source)
	at org.testng.internal.MethodInvocationHelper.invokeMethod(MethodInvocationHelper.java:86)
	at org.testng.internal.Invoker.invokeMethod(Invoker.java:643)
	at org.testng.internal.Invoker.invokeTestMethod(Invoker.java:820)
	at org.testng.internal.Invoker.invokeTestMethods(Invoker.java:1128)
	at org.testng.internal.TestMethodWorker.invokeTestMethods(TestMethodWorker.java:129)
	at org.testng.internal.TestMethodWorker.run(TestMethodWorker.java:112)
	at org.testng.TestRunner.privateRun(TestRunner.java:782)
	at org.testng.TestRunner.run(TestRunner.java:632)
	at org.testng.SuiteRunner.runTest(SuiteRunner.java:366)
	at org.testng.SuiteRunner.runSequentially(SuiteRunner.java:361)
	at org.testng.SuiteRunner.privateRun(SuiteRunner.java:319)
	at org.testng.SuiteRunner.run(SuiteRunner.java:268)
	at org.testng.SuiteRunnerWorker.runSuite(SuiteRunnerWorker.java:52)
	at org.testng.SuiteRunnerWorker.run(SuiteRunnerWorker.java:86)
	at org.testng.TestNG.runSuitesSequentially(TestNG.java:1244)
	at org.testng.TestNG.runSuitesLocally(TestNG.java:1169)
	at org.testng.TestNG.run(TestNG.java:1064)
	at org.testng.remote.AbstractRemoteTestNG.run(AbstractRemoteTestNG.java:132)
	at org.testng.remote.RemoteTestNG.initAndRun(RemoteTestNG.java:236)
	at org.testng.remote.RemoteTestNG.main(RemoteTestNG.java:81)
]]>
    </error>
  </testcase> <!-- test_case_62948_Single -->
  <testcase name="test_case_62948_Multiple" time="0.925" classname="com.ics.tests.fred.Sprint3_2">
    <error type="com.microsoft.sqlserver.jdbc.SQLServerException" message="Invalid object name &#039;config.config&#039;.">
      <![CDATA[com.microsoft.sqlserver.jdbc.SQLServerException: Invalid object name 'config.config'.
	at com.microsoft.sqlserver.jdbc.SQLServerException.makeFromDatabaseError(SQLServerException.java:232)
	at com.microsoft.sqlserver.jdbc.SQLServerStatement.getNextResult(SQLServerStatement.java:1672)
	at com.microsoft.sqlserver.jdbc.SQLServerStatement.doExecuteStatement(SQLServerStatement.java:903)
	at com.microsoft.sqlserver.jdbc.SQLServerStatement$StmtExecCmd.doExecute(SQLServerStatement.java:796)
	at com.microsoft.sqlserver.jdbc.TDSCommand.execute(IOBuffer.java:7535)
	at com.microsoft.sqlserver.jdbc.SQLServerConnection.executeCommand(SQLServerConnection.java:2438)
	at com.microsoft.sqlserver.jdbc.SQLServerStatement.executeCommand(SQLServerStatement.java:208)
	at com.microsoft.sqlserver.jdbc.SQLServerStatement.executeStatement(SQLServerStatement.java:183)
	at com.microsoft.sqlserver.jdbc.SQLServerStatement.execute(SQLServerStatement.java:769)
	at com.ics.externalFactoryUtilis.ICSProductDBConnection.getICSDBServerConnection(ICSProductDBConnection.java:21)
	at com.ics.fred.testScenarios.MultiFileInsertionCreditDebitItem.generateAndVerifyX9FileNameMultiItem(MultiFileInsertionCreditDebitItem.java:34)
	at com.ics.tests.fred.Sprint3_2.test_case_62948_Multiple(Sprint3_2.java:94)
	at sun.reflect.NativeMethodAccessorImpl.invoke0(Native Method)
	at sun.reflect.NativeMethodAccessorImpl.invoke(Unknown Source)
	at sun.reflect.DelegatingMethodAccessorImpl.invoke(Unknown Source)
	at java.lang.reflect.Method.invoke(Unknown Source)
	at org.testng.internal.MethodInvocationHelper.invokeMethod(MethodInvocationHelper.java:86)
	at org.testng.internal.Invoker.invokeMethod(Invoker.java:643)
	at org.testng.internal.Invoker.invokeTestMethod(Invoker.java:820)
	at org.testng.internal.Invoker.invokeTestMethods(Invoker.java:1128)
	at org.testng.internal.TestMethodWorker.invokeTestMethods(TestMethodWorker.java:129)
	at org.testng.internal.TestMethodWorker.run(TestMethodWorker.java:112)
	at org.testng.TestRunner.privateRun(TestRunner.java:782)
	at org.testng.TestRunner.run(TestRunner.java:632)
	at org.testng.SuiteRunner.runTest(SuiteRunner.java:366)
	at org.testng.SuiteRunner.runSequentially(SuiteRunner.java:361)
	at org.testng.SuiteRunner.privateRun(SuiteRunner.java:319)
	at org.testng.SuiteRunner.run(SuiteRunner.java:268)
	at org.testng.SuiteRunnerWorker.runSuite(SuiteRunnerWorker.java:52)
	at org.testng.SuiteRunnerWorker.run(SuiteRunnerWorker.java:86)
	at org.testng.TestNG.runSuitesSequentially(TestNG.java:1244)
	at org.testng.TestNG.runSuitesLocally(TestNG.java:1169)
	at org.testng.TestNG.run(TestNG.java:1064)
	at org.testng.remote.AbstractRemoteTestNG.run(AbstractRemoteTestNG.java:132)
	at org.testng.remote.RemoteTestNG.initAndRun(RemoteTestNG.java:236)
	at org.testng.remote.RemoteTestNG.main(RemoteTestNG.java:81)
]]>
    </error>
  </testcase> <!-- test_case_62948_Multiple -->
  <testcase name="test_case_65837" time="2.677" classname="com.ics.tests.fred.Sprint3_2">
    <failure type="java.lang.AssertionError" message="Actual and Expected Loaded Image values (05MF01 or 06MF01)of the messages are same. expected [null] but found [SUkqAAgAAAAOAP4ABAABAAAAAAAAAAABBAABAAAAvgEAAAEBBAABAAAAsAAAAAIBAwABAAAAAQAAAAMBAwABAAAABAAAAAYBAwABAAAAAAAAAA4BAgANAAAAxwoAABEBBAABAAAAtgAAABUBAwABAAAAAQAAABYBBAABAAAAsAAAABcBBAABAAAAAQoAABoBBQABAAAAtwoAABsBBQABAAAAvwoAACgBAwABAAAAAgAAANQKAADztOisojqewSI1myI+CC8jo/moKR0RTvCGVM+BBRFnxEGhIEhpXbeNJEdMoTRHW3d2VM90iOmtEdG0XjCI+Zsjo+iPl0fiOgSI6ORHR9F4zRHSShIasoiOj8R0EiOjaOIvkdGcR0R1aSCBAgsM9ntEdJIIJEdIEkR8GiOgihwmfKBNWgiOgzkIjp0FkdQmfIIEzuggmeyhwvqwqSqmiOsQ6jQSFqiOkklojpqiPkdNJEdBBNBKiOkEKTCQRHWLRHV0iOmrFpXQRHTOgq7u7QSI6GlI/bTs9lHDex0iOmqXrS0l9BKnpVI7oRDCI6pUiOkER0EiOmlpWl207PgKiOmVz8jjbtIjpIjp3EWiP3RHTkdq8nl7dIjoMpedEdJEdKggj5wtWNIIjpppVGqxSERDCI6I6daWwlaae3aD2GUnY627kOu2ecfSI6e3eiOqqtBJUqCR9UEqI6oJBJqkER0glPo2mvWltq9EdOz2ViI6Z8baRHVhntJWGez6H5EdDs9CspEdW09u6RHVWlQQSI6CC+iOggiOm0kqojpJJBEdIJBIIjojoILEJEdEdEdEdIJNBEdNEdBAqSI+EqVIjoJJaSI6dlc9poIJQ0kyuQSSaZWFVoJJBpJJIjrI6BxaCSQuGVCI6doIJIjqIiIiIiNCIiIiIiIiIiIiIiIiIiI/IKkiOjIkTVIjr7CVojoILEM44RHUfENDER87MIjojojojojr7SXaERIvVaoIjo1o8iOihEdJEdWiHhIjoEkiPm5JIjpJIjrbYwhojppIbG9EdEdEdEdIJIjprGiOkF/2Vh+TPDaZ24LYiKCCSCpUER1qGGV54btbaCSCpVuoZXnhuGU3BUnVBIIjpQltIjoMrGPRHQZTcFrFMEEEsUHFlHBCIxH/OxJENEdGtEfJ0R1J5IjjSSI8kgi+EkiP0CI6I6O4RHSioh0knoXtJeGUhJEdNWkR0ztxcJWQ0QRNBJIjpoJVaCuGVxQ5Q6I6LmfI4iOjmbwkR8IKyOjG7TKOiOmeEztxdJLw0EVkIocq21VIJthBRQRHSRHRHRHSrigkiOqpEdM/Ru2gyrdtO7VpZHT0R0z8CavigiOkEgqI6CSoIjqgkkR0ghcWiOgligkER0kR1Wx2ew2gyvtW3bOn4ZXno2mroIjoj4SI6QTShJUiOqp0ER00qCojpIjpIjqrSCQQXZ7uGV9q7SI6at2c6ae4SEWkE6hJUiOqq0iOqVBJEdJEdVV2ez3cMr/3btEjsMrGO0ysRHVaI6QRHVEdKoSaQRHVJEdWcWggkgjyI6UJJEdY6tppwyhyhwiOmccL2e25HVuR0EFYZ3RHVhlOER00R0kR1SDKiklajSTSCFLdpJBMNIMrni0EhiIiIiIiIiIiIiIiI/5kBohokKZkSgZMIq0R0R0R0R0bRHRHRHRHRHRsgkR8EFDBBQ6PhhMocrjk219j/crD4gz4EFBn6DKbjoIOSf7dCI0IjSVIKsaCV7WiOkkntIjpIjq2eGzwiOmVl6CI6E+iOiOj6L94pH0R0R0aYQKj6I6I6vEUER1VeISSI6jhJJIjpUFRHrH8jpLtJJIjo90yg0kR0kR01RHTVSOqFojqksUER0EhcIJhEdKI2giOlCStOpHNpIjq8GR0kR0Okkz2kER0GVceqI6EadK3pFYVd4hpSOrVpJIjppVCStKEkER0giOkvSI6eoh6DKhv6RHT03RHRHwgrQRHTpJNW06RHSRHWiOkiOglSRHTVqkR1VoJIcQkEkkiOqCT21PIccMqHdk6DK+6RHTiN0R1ST22kCKsrnUJKEqd1CQSp0iOjyQRHVhJJ0E9pIKGV6I6d7SI6tBEdBleVZXL0iOjaaqktnt1d1I6SSSI6CVNNpJKCSYSI6aI6uwkqSSRHQQVEdJEdNoKGiOgkk0R2R1bNxx0kGYcIGUOErRHQQSCI6ojpBEdORxtAgVNAgSiGCSI6jiIiIiGEINYiLCERERERDQ4pJDERERER/ydHZhEdGiI6I6NER0UIjonRQiOiOjREdEdGmR1yOgkkR0kkkR0EkiPhJIj4IKSxJJEfSSSI6CCSI6pKdnSQ2ojdDRHSCCiGVkUkhdJJojqmiOu2EqeqCTRHVqkR1ikR1i0rVIIE5QiQidNrbKxhlcqFplfsUER0zrqjSRHQQUGCChhBQZ5HkR0YRHRHaCI+bRHTutBK1UQkgmkFUdJFWVYQUGVaRVnttWirPGiOrVIjoM7ojoMr7l0R1RdEdBlWdyhysRHTOuqUkkkkR0kkqSVUraCaEaugkIUJKkkR++GEkEEkiOrqrPjaaDBWzw6I6pntsr9l8PRHVJDRHTiDKOER1DaI6e9VQqNIKsVqgqRHQQVEdWEF9tCqjCdIjpBEdUiOiOgkR9IjqmV57Ph73YdpBEdDh3pnIK4IjplTBND7SDCI6ewlQQSCVBEdUkrSRHQ1aCCSCCioSSI6CWhenbsMrjwiOh7Z+pEdOkR07O5U2klRHTtPSI6ez2kfVEdIJUFiEqQQS9BHFikR0gmfAkkmkiOrSI6tM9lYme0CBD28Nn4rD2UOVZ8js8O3t2eOzwknSShJBJEdBKiOkkkiOggkiOggSCCSCI6BArbCSkdAgmwgnI6CCSI6BBJJEfI+R0giOkkrSSjkdNBBEdNBJJoIIjoYZhMryuiIaHhBoehuE0gkEkLSQcYiIiIiIiIiIiIiIiIiIiI/88iPkfI6OxCI+R0R0R8joqaI6I6I6I6OIjojojojojojo2iOiOiOiOj/SQSCSI+d6JhJKGgkkl5HQ/aSSSSSSRH6uIuEhGhDQi4i4i4iL3pIjp0iOgk6SCSI6qkR055EdEdEGiOjaI6M0R0R0Tojq2irRHRmiOiOgypojq2f/d6CSSRHRiORjSSI6CSRHSSSRHRy7CCI+p+ORjSSI+kkkR85hJqkE1WkiOkhaBFXaQQTG3URuEFFsMKiOg7SCCYukkNEdUR0GVPbPN3uxa0mEgiOnQRHVEdYurVpMJIjrFoRUIFVIIjoIKtEdEdAgVXbKwrqRHTX2kR0GVNEdPdvbOdEckraI6I6CCI6veImaBFDhEdOEgkEmlI6BAkkqsJNJIKnoj5HQQSSK7SSSQigiOqCBRC/pAiothlY6S9lQ3ojq2CZWNbYRhDhlIP/Ee0gQtNBKgkgiOrERpIjppBUEqpBEdCISUIJoJbu2CewysT3ds5wT2wQ55BlUKOVNEdBlLllVUOgqRHSRHRzp0ER0gtKgkuR0ElVoLtnttEdM9r2iOkER1aRHQ7Ohs8BEdBnhJG5uiOntrSCI6BHdYoK2mgQJJKrQaCI6QIjoIIj6SSCI6CSUKnCSCI6uIsIbERFoRERFoMLEWEIiIiIxQQpEdKI2VvVPBIECSCVAiOvDKbmQiIj///8AEAEEANAwDoAwAAQA0DAOgDAABGcm9udEltYWdlT25lDgD+AAQAAQAAAAAAAAAAAQQAAQAAAL4BAAABAQQAAQAAALAAAAACAQMAAQAAAAEAAAADAQMAAQAAAAQAAAAGAQMAAQAAAAAAAAAOAQIADAAAAJYVAAARAQQAAQAAAIILAAAVAQMAAQAAAAEAAAAWAQQAAQAAALAAAAAXAQQAAQAAAAQKAAAaAQUAAQAAAIYVAAAbAQUAAQAAAI4VAAAoAQMAAQAAAAIAAAAAAAAA87TorKI6nsEiNZsiPggvI6P5qCkdEU7whlTPgQURZ8RBoSBIaV23jSRHTKE0R1t3dlTPdIjprRHRtF4wiPmbI6Poj5dH4joEiOjkR0fReM0R0koSGrKIjo/EdBIjo2jiL5HRnEdEdWkggQILDPZ7RHSSCCRHSBJEfBojoIocJnygTVoIjoM5CI6dBZHUJnyCBM7oIJnsocL6sKkqpojrEOo0EhaojpJJaI6aoj5HTSRHQQTQSojpBCkwkER1i0R1dIjpqxaV0ER0zoKu7u0EiOhpSP207PZRw3sdIjpql60tJfQSp6VSO6EQwiOqVIjpBEdBIjppaVpdtOz4Cojplc/I427SI6SI6dxFoj90R05HavJ5e3SI6DKXnRHSRHSoII+cLVjSCI6aaVRqsUhEQwiOiOnWlsJWmnt2g9hlJ2Otu5DrtnnH0iOnt3ojqqrQSVKgkfVBKiOqCQSapBEdIJT6Npr1pbavRHTs9lYiOmfG2kR1YZ7SVhns+h+RHQ7PQrKRHVtPbukR1VpUEEiOggvojoIIjptJKqI6SSQRHSCQSCI6I6CCxCRHRHRHRHSCTQRHTRHQQKkiPhKlSI6CSWkiOnZXPaaCCUNJMrkEkmmVhVaCSQaSSSI6yOgcWgkkLhlQiOnaCCSI6iIiIiIjQiIiIiIiIiIiIiIiIiIiPyCpIjoyJE1SI6+wlaI6CCxDOOER1HxDQxEfOwJEdEdEdETVJLyOl2LRHT6ddufRHRHRmiOiOn0kEkkiOkkkiOgkc7PiI6oWiOkkhsM7hEdUERxik90glHZ/F6Fgq1RHR5EdBJQggvZVISSQRH3DSRHUKEkEFEaVWiOrQZVplQiOnH2EkgrR7VIjq6CI6hh2eAiOnaI6qRzSDkeSoECSSVqIiwQj4iym4WIiP+dhSI6I6OqI6KMjqTx2MEX0kiPBBJEdUCI6I6O4RHSKDCG0kg9D2kvZ0MMohMq0R0ztxcJWQ0QRNIJBKEltBXDK4ocodEdFzPkcRHRzN4SI+EFZHRjZ0H7RHT0ztxdJLw0EVkIocq21VIJthBRQRHSCMIjpBJEdNJEddUiOmfo3bQZVu2ncRYXkdXa/d8UER0gkFRHQSVBEdUEkiOkEkLRHVPTSCI6rY7PYbQZX2rbtnT+0iOmfECBNXQRHRHwkR0gmlCSpEdVToIjpqrQTSRHVWkEgguz3cMr7V2kR01bP1nxAgX3CQi0gnUJKkR1VWkR1SCSQVtVdns93DK/927RI0iOmfGz4rSI6rRHSCI6ojpVCTSCI6pIjqzaI6ojr6QR5EdVveraacMococIjpnHC9ntuCBO0R0kkwSRHVs44JbBFDhUgyopJWo0k0ghSxaCQh8Qyu9B+IiIiIiIiIiIiIiI/5kBohokKZkSgZMZUZHRHyOjaI6I6I6I6I6NkEiPggoYIKHR8MJlDlcdWER0GkFbSXcrD4gz4EFBn6DKbjoIOSf7bQigiOhEaWkFWNBK9rRHSST20kR1TPDZ4RHTKy9BEdCfRHRHR9F+8Uj6I6I6NECKdH0R0R0ZoJYigiOqrxCSRHUcJJJEdKgqI9Y/kdBJIIK0kkiOggsMo6I6aSI6SI6aojpqpHVC0R1SWKCI6CQtEdULCI6URtwk0rTSkc2kiOrwZHSRHQ6STPaQRHTSRHXoIjqiOhpUrukVhV3iGlI6tWkkiOmrtrFpUER0giOkER1VpEdPUQ9BlQ39Ijp6tmHKHCtBEdNJJNM8XSI6SI60R0kR0EqSI6atUiOqQIEvHEJBJJIjoIJJ7ankOOGVDuydBlfHuxG6I6pIcMqA0gRVlc6hJQlTuoSCQSpz6QRHWISSUJNWkgoZXojp3tIjq0ER0GV5Vnx2kR00kR1STuysV3UjpJJIjoJU02kkoJUEER1RHWJiCVpJWEkiOkiOm0FDRHQSSaI7I6tm446SDMOEwVbRHQSI6D0R1TkcYYKmgQJRDBJEdRxERERDCEGgaEWEIiIiIaHFJIYiIiIiP+To7MIjo0RHRHRmiOiOidEdE6LozRHRHRoiOiOjTI65HQSSI6SSSI6SSSI6CSRHwSCRH0kkiPpJJEdBBJEdUlOzpIbUWiOkkmiOkhojpoRSSF0kmiOqaI67YSpunxemksUiOsWlapBAnKESETptaZXUiOgyoRHQs6Cu2KCI6Z11RpIjoIKDBBQwgoM8jyI6MIjojtBEfNojp7UILaCVoIaQTSCqOkirKsIKDKtIqz22rRVnjRHVq4YJqwyrl0R0zjlDlBojpncocrER0zrqlJJJJEdJJKklVK4oJoRpIjqgSpUgkkR9LyOrQQSSI6uqs+NpoMFbPZ8pEdM9tlc7LpnsIjqxojpBAo+ECqG0R096qhUaQQQS3VBXCCtBEdBBfTQi0R18J0iOkER1SI6I6CRH0iOqZXnsrER092HSI6QRHQZ+C3tnIpJMqYJofaQYRHT2EqXFIjpBEdUli0giOhGqQQSCSShJIjoJaF6du3Z4Y9s+NIjodIjpn45BVhBRojp2npEdPZ7SPqiOkEEkE4SpBVYSN+KCI6QRvCSSTSRHVpEdWmeysTPaBAh7DKtEfSI6DKw9lDlWe0R0GV10iOh7bf2eEk6SUJIJIjoJUR0kkkR0EEmkgrCSCI6BArbSSSI6BK0kkiOgRQ4TYJJJEdEdEdEdUklaSUcjpoIIjpoJJNBBEdA0ygyuiIcWggnUWklDCaSSSSaSDjEREREREREREREREREREREf+eRHyPkdHZfI6I6I6I6I6IWiOiOiOiOiOjiI6I6I6I6I6I6Nojojojojo/0kEgkiPneiQSS7T7SRHQ/aSSSSSSRH6uIuEhFxGhEbEXEXERe9JEdOkR1dEdJIJIjqqRHTnkR0R0QaI6Nojo0yOidEdW0akZojonRHVNWz/7vQSSSI6MRyMaSRHQSSI6BBJEdHLsIIj6mfZi7BJIj5ztIjqkE1WkiOkhaBFXhIIJjbwhuEFFsMIMqeoQUQz2ENEdUR1TVs83e7FrwQJhIIjp0iOqI6xdQkqVoJWhFIjo4glSCI6CCrRHRHQIFV20ysSRHTX2kR0GVNEdBlW6Z3CI6ZzojlVtEdEdBBEdXvETNAihwiOnCS20pHQIEklVhJpUFdNEdEdAihwrSpJJIRQRHVBAohf0gRUUER1V0l7KhvRHSRHQYK3tJJLyOqZ0H/iPaQIWmgk0kR0giOrERpIjpppaCVOIiKRHVEdIJoJbu2Ce3ae7tIjp8MrynCI6d7SI6DKXLKqr6pIjpIjo506CI6/VQk0R0c6qmgu2e3STKtEdNNEdIIjq0iOh2mqI6QRHQ9HJIjpnm7a0giOgR3Tq6RHTQIEklVoNIjpBEdWCCxSI5wnqkER1cRYQ0IiItCIiItOGhEREREYpEdDhIbShlNzIECSQS/TGIj///8AEAFADQMA6AMAAEANAwDoAwAAQmFja0ltYWdlT25l]">
      <![CDATA[java.lang.AssertionError: Actual and Expected Loaded Image values (05MF01 or 06MF01)of the messages are same. expected [null] but found [SUkqAAgAAAAOAP4ABAABAAAAAAAAAAABBAABAAAAvgEAAAEBBAABAAAAsAAAAAIBAwABAAAAAQAAAAMBAwABAAAABAAAAAYBAwABAAAAAAAAAA4BAgANAAAAxwoAABEBBAABAAAAtgAAABUBAwABAAAAAQAAABYBBAABAAAAsAAAABcBBAABAAAAAQoAABoBBQABAAAAtwoAABsBBQABAAAAvwoAACgBAwABAAAAAgAAANQKAADztOisojqewSI1myI+CC8jo/moKR0RTvCGVM+BBRFnxEGhIEhpXbeNJEdMoTRHW3d2VM90iOmtEdG0XjCI+Zsjo+iPl0fiOgSI6ORHR9F4zRHSShIasoiOj8R0EiOjaOIvkdGcR0R1aSCBAgsM9ntEdJIIJEdIEkR8GiOgihwmfKBNWgiOgzkIjp0FkdQmfIIEzuggmeyhwvqwqSqmiOsQ6jQSFqiOkklojpqiPkdNJEdBBNBKiOkEKTCQRHWLRHV0iOmrFpXQRHTOgq7u7QSI6GlI/bTs9lHDex0iOmqXrS0l9BKnpVI7oRDCI6pUiOkER0EiOmlpWl207PgKiOmVz8jjbtIjpIjp3EWiP3RHTkdq8nl7dIjoMpedEdJEdKggj5wtWNIIjpppVGqxSERDCI6I6daWwlaae3aD2GUnY627kOu2ecfSI6e3eiOqqtBJUqCR9UEqI6oJBJqkER0glPo2mvWltq9EdOz2ViI6Z8baRHVhntJWGez6H5EdDs9CspEdW09u6RHVWlQQSI6CC+iOggiOm0kqojpJJBEdIJBIIjojoILEJEdEdEdEdIJNBEdNEdBAqSI+EqVIjoJJaSI6dlc9poIJQ0kyuQSSaZWFVoJJBpJJIjrI6BxaCSQuGVCI6doIJIjqIiIiIiNCIiIiIiIiIiIiIiIiIiI/IKkiOjIkTVIjr7CVojoILEM44RHUfENDER87MIjojojojojr7SXaERIvVaoIjo1o8iOihEdJEdWiHhIjoEkiPm5JIjpJIjrbYwhojppIbG9EdEdEdEdIJIjprGiOkF/2Vh+TPDaZ24LYiKCCSCpUER1qGGV54btbaCSCpVuoZXnhuGU3BUnVBIIjpQltIjoMrGPRHQZTcFrFMEEEsUHFlHBCIxH/OxJENEdGtEfJ0R1J5IjjSSI8kgi+EkiP0CI6I6O4RHSioh0knoXtJeGUhJEdNWkR0ztxcJWQ0QRNBJIjpoJVaCuGVxQ5Q6I6LmfI4iOjmbwkR8IKyOjG7TKOiOmeEztxdJLw0EVkIocq21VIJthBRQRHSRHRHRHSrigkiOqpEdM/Ru2gyrdtO7VpZHT0R0z8CavigiOkEgqI6CSoIjqgkkR0ghcWiOgligkER0kR1Wx2ew2gyvtW3bOn4ZXno2mroIjoj4SI6QTShJUiOqp0ER00qCojpIjpIjqrSCQQXZ7uGV9q7SI6at2c6ae4SEWkE6hJUiOqq0iOqVBJEdJEdVV2ez3cMr/3btEjsMrGO0ysRHVaI6QRHVEdKoSaQRHVJEdWcWggkgjyI6UJJEdY6tppwyhyhwiOmccL2e25HVuR0EFYZ3RHVhlOER00R0kR1SDKiklajSTSCFLdpJBMNIMrni0EhiIiIiIiIiIiIiIiI/5kBohokKZkSgZMIq0R0R0R0R0bRHRHRHRHRHRsgkR8EFDBBQ6PhhMocrjk219j/crD4gz4EFBn6DKbjoIOSf7dCI0IjSVIKsaCV7WiOkkntIjpIjq2eGzwiOmVl6CI6E+iOiOj6L94pH0R0R0aYQKj6I6I6vEUER1VeISSI6jhJJIjpUFRHrH8jpLtJJIjo90yg0kR0kR01RHTVSOqFojqksUER0EhcIJhEdKI2giOlCStOpHNpIjq8GR0kR0Okkz2kER0GVceqI6EadK3pFYVd4hpSOrVpJIjppVCStKEkER0giOkvSI6eoh6DKhv6RHT03RHRHwgrQRHTpJNW06RHSRHWiOkiOglSRHTVqkR1VoJIcQkEkkiOqCT21PIccMqHdk6DK+6RHTiN0R1ST22kCKsrnUJKEqd1CQSp0iOjyQRHVhJJ0E9pIKGV6I6d7SI6tBEdBleVZXL0iOjaaqktnt1d1I6SSSI6CVNNpJKCSYSI6aI6uwkqSSRHQQVEdJEdNoKGiOgkk0R2R1bNxx0kGYcIGUOErRHQQSCI6ojpBEdORxtAgVNAgSiGCSI6jiIiIiGEINYiLCERERERDQ4pJDERERER/ydHZhEdGiI6I6NER0UIjonRQiOiOjREdEdGmR1yOgkkR0kkkR0EkiPhJIj4IKSxJJEfSSSI6CCSI6pKdnSQ2ojdDRHSCCiGVkUkhdJJojqmiOu2EqeqCTRHVqkR1ikR1i0rVIIE5QiQidNrbKxhlcqFplfsUER0zrqjSRHQQUGCChhBQZ5HkR0YRHRHaCI+bRHTutBK1UQkgmkFUdJFWVYQUGVaRVnttWirPGiOrVIjoM7ojoMr7l0R1RdEdBlWdyhysRHTOuqUkkkkR0kkqSVUraCaEaugkIUJKkkR++GEkEEkiOrqrPjaaDBWzw6I6pntsr9l8PRHVJDRHTiDKOER1DaI6e9VQqNIKsVqgqRHQQVEdWEF9tCqjCdIjpBEdUiOiOgkR9IjqmV57Ph73YdpBEdDh3pnIK4IjplTBND7SDCI6ewlQQSCVBEdUkrSRHQ1aCCSCCioSSI6CWhenbsMrjwiOh7Z+pEdOkR07O5U2klRHTtPSI6ez2kfVEdIJUFiEqQQS9BHFikR0gmfAkkmkiOrSI6tM9lYme0CBD28Nn4rD2UOVZ8js8O3t2eOzwknSShJBJEdBKiOkkkiOggkiOggSCCSCI6BArbCSkdAgmwgnI6CCSI6BBJJEfI+R0giOkkrSSjkdNBBEdNBJJoIIjoYZhMryuiIaHhBoehuE0gkEkLSQcYiIiIiIiIiIiIiIiIiIiI/88iPkfI6OxCI+R0R0R8joqaI6I6I6I6OIjojojojojojo2iOiOiOiOj/SQSCSI+d6JhJKGgkkl5HQ/aSSSSSSRH6uIuEhGhDQi4i4i4iL3pIjp0iOgk6SCSI6qkR055EdEdEGiOjaI6M0R0R0Tojq2irRHRmiOiOgypojq2f/d6CSSRHRiORjSSI6CSRHSSSRHRy7CCI+p+ORjSSI+kkkR85hJqkE1WkiOkhaBFXaQQTG3URuEFFsMKiOg7SCCYukkNEdUR0GVPbPN3uxa0mEgiOnQRHVEdYurVpMJIjrFoRUIFVIIjoIKtEdEdAgVXbKwrqRHTX2kR0GVNEdPdvbOdEckraI6I6CCI6veImaBFDhEdOEgkEmlI6BAkkqsJNJIKnoj5HQQSSK7SSSQigiOqCBRC/pAiothlY6S9lQ3ojq2CZWNbYRhDhlIP/Ee0gQtNBKgkgiOrERpIjppBUEqpBEdCISUIJoJbu2CewysT3ds5wT2wQ55BlUKOVNEdBlLllVUOgqRHSRHRzp0ER0gtKgkuR0ElVoLtnttEdM9r2iOkER1aRHQ7Ohs8BEdBnhJG5uiOntrSCI6BHdYoK2mgQJJKrQaCI6QIjoIIj6SSCI6CSUKnCSCI6uIsIbERFoRERFoMLEWEIiIiIxQQpEdKI2VvVPBIECSCVAiOvDKbmQiIj///8AEAEEANAwDoAwAAQA0DAOgDAABGcm9udEltYWdlT25lDgD+AAQAAQAAAAAAAAAAAQQAAQAAAL4BAAABAQQAAQAAALAAAAACAQMAAQAAAAEAAAADAQMAAQAAAAQAAAAGAQMAAQAAAAAAAAAOAQIADAAAAJYVAAARAQQAAQAAAIILAAAVAQMAAQAAAAEAAAAWAQQAAQAAALAAAAAXAQQAAQAAAAQKAAAaAQUAAQAAAIYVAAAbAQUAAQAAAI4VAAAoAQMAAQAAAAIAAAAAAAAA87TorKI6nsEiNZsiPggvI6P5qCkdEU7whlTPgQURZ8RBoSBIaV23jSRHTKE0R1t3dlTPdIjprRHRtF4wiPmbI6Poj5dH4joEiOjkR0fReM0R0koSGrKIjo/EdBIjo2jiL5HRnEdEdWkggQILDPZ7RHSSCCRHSBJEfBojoIocJnygTVoIjoM5CI6dBZHUJnyCBM7oIJnsocL6sKkqpojrEOo0EhaojpJJaI6aoj5HTSRHQQTQSojpBCkwkER1i0R1dIjpqxaV0ER0zoKu7u0EiOhpSP207PZRw3sdIjpql60tJfQSp6VSO6EQwiOqVIjpBEdBIjppaVpdtOz4Cojplc/I427SI6SI6dxFoj90R05HavJ5e3SI6DKXnRHSRHSoII+cLVjSCI6aaVRqsUhEQwiOiOnWlsJWmnt2g9hlJ2Otu5DrtnnH0iOnt3ojqqrQSVKgkfVBKiOqCQSapBEdIJT6Npr1pbavRHTs9lYiOmfG2kR1YZ7SVhns+h+RHQ7PQrKRHVtPbukR1VpUEEiOggvojoIIjptJKqI6SSQRHSCQSCI6I6CCxCRHRHRHRHSCTQRHTRHQQKkiPhKlSI6CSWkiOnZXPaaCCUNJMrkEkmmVhVaCSQaSSSI6yOgcWgkkLhlQiOnaCCSI6iIiIiIjQiIiIiIiIiIiIiIiIiIiPyCpIjoyJE1SI6+wlaI6CCxDOOER1HxDQxEfOwJEdEdEdETVJLyOl2LRHT6ddufRHRHRmiOiOn0kEkkiOkkkiOgkc7PiI6oWiOkkhsM7hEdUERxik90glHZ/F6Fgq1RHR5EdBJQggvZVISSQRH3DSRHUKEkEFEaVWiOrQZVplQiOnH2EkgrR7VIjq6CI6hh2eAiOnaI6qRzSDkeSoECSSVqIiwQj4iym4WIiP+dhSI6I6OqI6KMjqTx2MEX0kiPBBJEdUCI6I6O4RHSKDCG0kg9D2kvZ0MMohMq0R0ztxcJWQ0QRNIJBKEltBXDK4ocodEdFzPkcRHRzN4SI+EFZHRjZ0H7RHT0ztxdJLw0EVkIocq21VIJthBRQRHSCMIjpBJEdNJEddUiOmfo3bQZVu2ncRYXkdXa/d8UER0gkFRHQSVBEdUEkiOkEkLRHVPTSCI6rY7PYbQZX2rbtnT+0iOmfECBNXQRHRHwkR0gmlCSpEdVToIjpqrQTSRHVWkEgguz3cMr7V2kR01bP1nxAgX3CQi0gnUJKkR1VWkR1SCSQVtVdns93DK/927RI0iOmfGz4rSI6rRHSCI6ojpVCTSCI6pIjqzaI6ojr6QR5EdVveraacMococIjpnHC9ntuCBO0R0kkwSRHVs44JbBFDhUgyopJWo0k0ghSxaCQh8Qyu9B+IiIiIiIiIiIiIiI/5kBohokKZkSgZMZUZHRHyOjaI6I6I6I6I6NkEiPggoYIKHR8MJlDlcdWER0GkFbSXcrD4gz4EFBn6DKbjoIOSf7bQigiOhEaWkFWNBK9rRHSST20kR1TPDZ4RHTKy9BEdCfRHRHR9F+8Uj6I6I6NECKdH0R0R0ZoJYigiOqrxCSRHUcJJJEdKgqI9Y/kdBJIIK0kkiOggsMo6I6aSI6SI6aojpqpHVC0R1SWKCI6CQtEdULCI6URtwk0rTSkc2kiOrwZHSRHQ6STPaQRHTSRHXoIjqiOhpUrukVhV3iGlI6tWkkiOmrtrFpUER0giOkER1VpEdPUQ9BlQ39Ijp6tmHKHCtBEdNJJNM8XSI6SI60R0kR0EqSI6atUiOqQIEvHEJBJJIjoIJJ7ankOOGVDuydBlfHuxG6I6pIcMqA0gRVlc6hJQlTuoSCQSpz6QRHWISSUJNWkgoZXojp3tIjq0ER0GV5Vnx2kR00kR1STuysV3UjpJJIjoJU02kkoJUEER1RHWJiCVpJWEkiOkiOm0FDRHQSSaI7I6tm446SDMOEwVbRHQSI6D0R1TkcYYKmgQJRDBJEdRxERERDCEGgaEWEIiIiIaHFJIYiIiIiP+To7MIjo0RHRHRmiOiOidEdE6LozRHRHRoiOiOjTI65HQSSI6SSSI6SSSI6CSRHwSCRH0kkiPpJJEdBBJEdUlOzpIbUWiOkkmiOkhojpoRSSF0kmiOqaI67YSpunxemksUiOsWlapBAnKESETptaZXUiOgyoRHQs6Cu2KCI6Z11RpIjoIKDBBQwgoM8jyI6MIjojtBEfNojp7UILaCVoIaQTSCqOkirKsIKDKtIqz22rRVnjRHVq4YJqwyrl0R0zjlDlBojpncocrER0zrqlJJJJEdJJKklVK4oJoRpIjqgSpUgkkR9LyOrQQSSI6uqs+NpoMFbPZ8pEdM9tlc7LpnsIjqxojpBAo+ECqG0R096qhUaQQQS3VBXCCtBEdBBfTQi0R18J0iOkER1SI6I6CRH0iOqZXnsrER092HSI6QRHQZ+C3tnIpJMqYJofaQYRHT2EqXFIjpBEdUli0giOhGqQQSCSShJIjoJaF6du3Z4Y9s+NIjodIjpn45BVhBRojp2npEdPZ7SPqiOkEEkE4SpBVYSN+KCI6QRvCSSTSRHVpEdWmeysTPaBAh7DKtEfSI6DKw9lDlWe0R0GV10iOh7bf2eEk6SUJIJIjoJUR0kkkR0EEmkgrCSCI6BArbSSSI6BK0kkiOgRQ4TYJJJEdEdEdEdUklaSUcjpoIIjpoJJNBBEdA0ygyuiIcWggnUWklDCaSSSSaSDjEREREREREREREREREREREf+eRHyPkdHZfI6I6I6I6I6IWiOiOiOiOiOjiI6I6I6I6I6I6Nojojojojo/0kEgkiPneiQSS7T7SRHQ/aSSSSSSRH6uIuEhFxGhEbEXEXERe9JEdOkR1dEdJIJIjqqRHTnkR0R0QaI6Nojo0yOidEdW0akZojonRHVNWz/7vQSSSI6MRyMaSRHQSSI6BBJEdHLsIIj6mfZi7BJIj5ztIjqkE1WkiOkhaBFXhIIJjbwhuEFFsMIMqeoQUQz2ENEdUR1TVs83e7FrwQJhIIjp0iOqI6xdQkqVoJWhFIjo4glSCI6CCrRHRHQIFV20ysSRHTX2kR0GVNEdBlW6Z3CI6ZzojlVtEdEdBBEdXvETNAihwiOnCS20pHQIEklVhJpUFdNEdEdAihwrSpJJIRQRHVBAohf0gRUUER1V0l7KhvRHSRHQYK3tJJLyOqZ0H/iPaQIWmgk0kR0giOrERpIjpppaCVOIiKRHVEdIJoJbu2Ce3ae7tIjp8MrynCI6d7SI6DKXLKqr6pIjpIjo506CI6/VQk0R0c6qmgu2e3STKtEdNNEdIIjq0iOh2mqI6QRHQ9HJIjpnm7a0giOgR3Tq6RHTQIEklVoNIjpBEdWCCxSI5wnqkER1cRYQ0IiItCIiItOGhEREREYpEdDhIbShlNzIECSQS/TGIj///8AEAFADQMA6AMAAEANAwDoAwAAQmFja0ltYWdlT25l]
	at org.testng.Assert.fail(Assert.java:94)
	at org.testng.Assert.failNotEquals(Assert.java:513)
	at org.testng.Assert.assertEqualsImpl(Assert.java:130)
	at org.testng.Assert.assertEquals(Assert.java:116)
	at com.ics.seleniumCoreUtilis.Component.assertEquals(Component.java:108)
	at com.ics.fred.testScenarios.ImageDataValidationWithDatabase.verifyImageDataFromDatabase(ImageDataValidationWithDatabase.java:54)
	at com.ics.tests.fred.Sprint3_2.test_case_65837(Sprint3_2.java:136)
	at sun.reflect.NativeMethodAccessorImpl.invoke0(Native Method)
	at sun.reflect.NativeMethodAccessorImpl.invoke(Unknown Source)
	at sun.reflect.DelegatingMethodAccessorImpl.invoke(Unknown Source)
	at java.lang.reflect.Method.invoke(Unknown Source)
	at org.testng.internal.MethodInvocationHelper.invokeMethod(MethodInvocationHelper.java:86)
	at org.testng.internal.Invoker.invokeMethod(Invoker.java:643)
	at org.testng.internal.Invoker.invokeTestMethod(Invoker.java:820)
	at org.testng.internal.Invoker.invokeTestMethods(Invoker.java:1128)
	at org.testng.internal.TestMethodWorker.invokeTestMethods(TestMethodWorker.java:129)
	at org.testng.internal.TestMethodWorker.run(TestMethodWorker.java:112)
	at org.testng.TestRunner.privateRun(TestRunner.java:782)
	at org.testng.TestRunner.run(TestRunner.java:632)
	at org.testng.SuiteRunner.runTest(SuiteRunner.java:366)
	at org.testng.SuiteRunner.runSequentially(SuiteRunner.java:361)
	at org.testng.SuiteRunner.privateRun(SuiteRunner.java:319)
	at org.testng.SuiteRunner.run(SuiteRunner.java:268)
	at org.testng.SuiteRunnerWorker.runSuite(SuiteRunnerWorker.java:52)
	at org.testng.SuiteRunnerWorker.run(SuiteRunnerWorker.java:86)
	at org.testng.TestNG.runSuitesSequentially(TestNG.java:1244)
	at org.testng.TestNG.runSuitesLocally(TestNG.java:1169)
	at org.testng.TestNG.run(TestNG.java:1064)
	at org.testng.remote.AbstractRemoteTestNG.run(AbstractRemoteTestNG.java:132)
	at org.testng.remote.RemoteTestNG.initAndRun(RemoteTestNG.java:236)
	at org.testng.remote.RemoteTestNG.main(RemoteTestNG.java:81)
]]>
    </failure>
  </testcase> <!-- test_case_65837 -->
</testsuite> <!-- com.ics.tests.fred.Sprint3_2 -->
