<?xml version="1.0" encoding="UTF-8"?>
<!-- Generated by org.testng.reporters.JUnitReportReporter -->
<testsuite hostname="gbibc-dv00-17-v" name="com.ics.tests.agency.Sprint2_4" tests="1" failures="0" timestamp="1 Mar 2017 13:46:46 GMT" time="32.483" errors="0">
  <testcase name="test_case_72390" time="32.483" classname="com.ics.tests.agency.Sprint2_4"/>
</testsuite> <!-- com.ics.tests.agency.Sprint2_4 -->
