<?xml version="1.0" encoding="UTF-8"?>
<!-- Generated by org.testng.reporters.JUnitReportReporter -->
<testsuite hostname="gbibc-dv00-17-v" name="com.ics.tests.ia.ImageAndDataLoad" tests="1" failures="0" timestamp="5 Sep 2017 09:14:31 GMT" time="0.924" errors="0">
  <testcase name="testcase58687" time="0.924" classname="com.ics.tests.ia.ImageAndDataLoad"/>
</testsuite> <!-- com.ics.tests.ia.ImageAndDataLoad -->
