<?xml version="1.0" encoding="UTF-8"?>
<!-- Generated by org.testng.reporters.JUnitReportReporter -->
<testsuite hostname="gbibc-dv00-17-v" name="com.ics.tests.referenceData.Sprint3_1" tests="1" failures="0" timestamp="27 Feb 2017 17:53:48 GMT" time="7.693" errors="0">
  <testcase name="test_74296" time="7.693" classname="com.ics.tests.referenceData.Sprint3_1"/>
</testsuite> <!-- com.ics.tests.referenceData.Sprint3_1 -->
