<?xml version="1.0" encoding="UTF-8"?>
<!-- Generated by org.testng.reporters.JUnitReportReporter -->
<testsuite name="com.ics.tests.ia.MessagesLoadAndValidation" tests="50" time="16.338" ignored="24" failures="0" timestamp="08 Dec 2017 14:12:06 GMT" skipped="0" hostname="gbibc-dv00-17-v" errors="0">
  <testcase name="testcase58586" time="0.127" classname="com.ics.tests.ia.MessagesLoadAndValidation"/>
  <testcase name="testcase71875" time="0.116" classname="com.ics.tests.ia.MessagesLoadAndValidation"/>
  <testcase name="testcase74263" time="0.248" classname="com.ics.tests.ia.MessagesLoadAndValidation"/>
  <testcase name="testcase67835" time="0.114" classname="com.ics.tests.ia.MessagesLoadAndValidation"/>
  <testcase name="testcase61771" time="0.511" classname="com.ics.tests.ia.MessagesLoadAndValidation"/>
  <testcase name="testcase65858" time="0.130" classname="com.ics.tests.ia.MessagesLoadAndValidation"/>
  <testcase name="testcase76054" time="0.263" classname="com.ics.tests.ia.MessagesLoadAndValidation"/>
  <testcase name="testcase75228" time="0.105" classname="com.ics.tests.ia.MessagesLoadAndValidation"/>
  <testcase name="testcase119203" time="0.105" classname="com.ics.tests.ia.MessagesLoadAndValidation"/>
  <testcase name="testcase63519" time="1.463" classname="com.ics.tests.ia.MessagesLoadAndValidation"/>
  <testcase name="testcase74605" time="0.138" classname="com.ics.tests.ia.MessagesLoadAndValidation"/>
  <testcase name="testcase75330" time="0.190" classname="com.ics.tests.ia.MessagesLoadAndValidation"/>
  <testcase name="testcase60206" time="1.271" classname="com.ics.tests.ia.MessagesLoadAndValidation"/>
  <testcase name="testcase63240" time="0.251" classname="com.ics.tests.ia.MessagesLoadAndValidation"/>
  <testcase name="testcase60853" time="0.112" classname="com.ics.tests.ia.MessagesLoadAndValidation"/>
  <testcase name="testcase74810" time="0.126" classname="com.ics.tests.ia.MessagesLoadAndValidation"/>
  <testcase name="testcase71872" time="0.749" classname="com.ics.tests.ia.MessagesLoadAndValidation"/>
  <testcase name="testcase63028" time="1.172" classname="com.ics.tests.ia.MessagesLoadAndValidation"/>
  <testcase name="testcase58839" time="0.127" classname="com.ics.tests.ia.MessagesLoadAndValidation"/>
  <testcase name="testcase74245" time="0.334" classname="com.ics.tests.ia.MessagesLoadAndValidation"/>
  <testcase name="testcase63279" time="0.315" classname="com.ics.tests.ia.MessagesLoadAndValidation"/>
  <testcase name="testcase77784" time="0.050" classname="com.ics.tests.ia.MessagesLoadAndValidation"/>
  <testcase name="testcase74415" time="0.281" classname="com.ics.tests.ia.MessagesLoadAndValidation"/>
  <testcase name="testcase74420" time="0.208" classname="com.ics.tests.ia.MessagesLoadAndValidation"/>
  <testcase name="testcase74421" time="0.112" classname="com.ics.tests.ia.MessagesLoadAndValidation"/>
  <testcase name="testcase63281" time="0.121" classname="com.ics.tests.ia.MessagesLoadAndValidation"/>
  <testcase name="testcase61730" time="0.232" classname="com.ics.tests.ia.MessagesLoadAndValidation"/>
  <testcase name="testcase75200" time="0.435" classname="com.ics.tests.ia.MessagesLoadAndValidation"/>
  <testcase name="testcase63433" time="0.245" classname="com.ics.tests.ia.MessagesLoadAndValidation"/>
  <testcase name="testcase63217" time="0.122" classname="com.ics.tests.ia.MessagesLoadAndValidation"/>
  <testcase name="testcase58687" time="0.210" classname="com.ics.tests.ia.MessagesLoadAndValidation"/>
  <testcase name="testcase74418" time="0.123" classname="com.ics.tests.ia.MessagesLoadAndValidation"/>
  <testcase name="testcase76053" time="0.113" classname="com.ics.tests.ia.MessagesLoadAndValidation"/>
  <testcase name="testcase75201" time="0.052" classname="com.ics.tests.ia.MessagesLoadAndValidation"/>
  <testcase name="testcase63431" time="0.123" classname="com.ics.tests.ia.MessagesLoadAndValidation"/>
  <testcase name="testcase77337" time="0.171" classname="com.ics.tests.ia.MessagesLoadAndValidation"/>
  <testcase name="testcase74808" time="0.281" classname="com.ics.tests.ia.MessagesLoadAndValidation"/>
  <testcase name="testcase74798" time="1.035" classname="com.ics.tests.ia.MessagesLoadAndValidation"/>
  <testcase name="testcase65907" time="0.229" classname="com.ics.tests.ia.MessagesLoadAndValidation"/>
  <testcase name="testcase63521" time="0.115" classname="com.ics.tests.ia.MessagesLoadAndValidation"/>
  <testcase name="testcase74477" time="1.141" classname="com.ics.tests.ia.MessagesLoadAndValidation"/>
  <testcase name="testcase74907" time="0.271" classname="com.ics.tests.ia.MessagesLoadAndValidation"/>
  <testcase name="testcase67833" time="0.236" classname="com.ics.tests.ia.MessagesLoadAndValidation"/>
  <testcase name="testcase81709" time="1.441" classname="com.ics.tests.ia.MessagesLoadAndValidation"/>
  <testcase name="testcase74796" time="0.110" classname="com.ics.tests.ia.MessagesLoadAndValidation"/>
  <testcase name="testcase63239" time="0.148" classname="com.ics.tests.ia.MessagesLoadAndValidation"/>
  <testcase name="testcase77781" time="0.322" classname="com.ics.tests.ia.MessagesLoadAndValidation"/>
  <testcase name="testcase74889" time="0.106" classname="com.ics.tests.ia.MessagesLoadAndValidation"/>
  <testcase name="testcase61886" time="0.138" classname="com.ics.tests.ia.MessagesLoadAndValidation"/>
  <testcase name="testcase74939" time="0.200" classname="com.ics.tests.ia.MessagesLoadAndValidation"/>
  <testcase name="testcase72578" classname="com.ics.tests.ia.MessagesLoadAndValidation">
    <skipped/>
  </testcase> <!-- testcase72578 -->
  <testcase name="testcase142170" classname="com.ics.tests.ia.MessagesLoadAndValidation">
    <skipped/>
  </testcase> <!-- testcase142170 -->
  <testcase name="testcase134405" classname="com.ics.tests.ia.MessagesLoadAndValidation">
    <skipped/>
  </testcase> <!-- testcase134405 -->
  <testcase name="testcase134406" classname="com.ics.tests.ia.MessagesLoadAndValidation">
    <skipped/>
  </testcase> <!-- testcase134406 -->
  <testcase name="testcase74805" classname="com.ics.tests.ia.MessagesLoadAndValidation">
    <skipped/>
  </testcase> <!-- testcase74805 -->
  <testcase name="testcase72580" classname="com.ics.tests.ia.MessagesLoadAndValidation">
    <skipped/>
  </testcase> <!-- testcase72580 -->
  <testcase name="testcase88221" classname="com.ics.tests.ia.MessagesLoadAndValidation">
    <skipped/>
  </testcase> <!-- testcase88221 -->
  <testcase name="testcase69486" classname="com.ics.tests.ia.MessagesLoadAndValidation">
    <skipped/>
  </testcase> <!-- testcase69486 -->
  <testcase name="testcase69493" classname="com.ics.tests.ia.MessagesLoadAndValidation">
    <skipped/>
  </testcase> <!-- testcase69493 -->
  <testcase name="testcase88219" classname="com.ics.tests.ia.MessagesLoadAndValidation">
    <skipped/>
  </testcase> <!-- testcase88219 -->
  <testcase name="testcase67867" classname="com.ics.tests.ia.MessagesLoadAndValidation">
    <skipped/>
  </testcase> <!-- testcase67867 -->
  <testcase name="testcase61888" classname="com.ics.tests.ia.MessagesLoadAndValidation">
    <skipped/>
  </testcase> <!-- testcase61888 -->
  <testcase name="testcase141966" classname="com.ics.tests.ia.MessagesLoadAndValidation">
    <skipped/>
  </testcase> <!-- testcase141966 -->
  <testcase name="testcase74195" classname="com.ics.tests.ia.MessagesLoadAndValidation">
    <skipped/>
  </testcase> <!-- testcase74195 -->
  <testcase name="testcase142226" classname="com.ics.tests.ia.MessagesLoadAndValidation">
    <skipped/>
  </testcase> <!-- testcase142226 -->
  <testcase name="testcase67865" classname="com.ics.tests.ia.MessagesLoadAndValidation">
    <skipped/>
  </testcase> <!-- testcase67865 -->
  <testcase name="testcase74196" classname="com.ics.tests.ia.MessagesLoadAndValidation">
    <skipped/>
  </testcase> <!-- testcase74196 -->
  <testcase name="testcase74807" classname="com.ics.tests.ia.MessagesLoadAndValidation">
    <skipped/>
  </testcase> <!-- testcase74807 -->
  <testcase name="testcase141960" classname="com.ics.tests.ia.MessagesLoadAndValidation">
    <skipped/>
  </testcase> <!-- testcase141960 -->
  <testcase name="testcase61890" classname="com.ics.tests.ia.MessagesLoadAndValidation">
    <skipped/>
  </testcase> <!-- testcase61890 -->
  <testcase name="testcase142169" classname="com.ics.tests.ia.MessagesLoadAndValidation">
    <skipped/>
  </testcase> <!-- testcase142169 -->
  <testcase name="testcase88215" classname="com.ics.tests.ia.MessagesLoadAndValidation">
    <skipped/>
  </testcase> <!-- testcase88215 -->
  <testcase name="testcase142230" classname="com.ics.tests.ia.MessagesLoadAndValidation">
    <skipped/>
  </testcase> <!-- testcase142230 -->
  <testcase name="testcase88217" classname="com.ics.tests.ia.MessagesLoadAndValidation">
    <skipped/>
  </testcase> <!-- testcase88217 -->
</testsuite> <!-- com.ics.tests.ia.MessagesLoadAndValidation -->
