<?xml version="1.0" encoding="UTF-8"?>
<!-- Generated by org.testng.reporters.JUnitReportReporter -->
<testsuite name="com.ics.ia.testScenario.TestWebservice" tests="1" time="7.022" ignored="0" failures="0" timestamp="27 Nov 2017 15:39:11 GMT" skipped="0" hostname="gbibc-dv00-17-v" errors="0">
  <testcase name="testItemSearchQuery" time="7.022" classname="com.ics.ia.testScenario.TestWebservice"/>
</testsuite> <!-- com.ics.ia.testScenario.TestWebservice -->
