<?xml version="1.0" encoding="UTF-8"?>
<!-- Generated by org.testng.reporters.JUnitReportReporter -->
<testsuite name="com.ics.tests.ia.RegressionSuite_WebServices_IA" tests="1" time="1.583" ignored="6" failures="0" timestamp="12 Dec 2017 10:09:49 GMT" skipped="0" hostname="gbibc-dv00-17-v" errors="0">
  <testcase name="testICSGetImageQuery" time="1.583" classname="com.ics.tests.ia.RegressionSuite_WebServices_IA"/>
  <testcase name="testICSItemCaptureHistoryQuery" classname="com.ics.tests.ia.RegressionSuite_WebServices_IA">
    <skipped/>
  </testcase> <!-- testICSItemCaptureHistoryQuery -->
  <testcase name="testICSDebitFraudItemDetailsQuery" classname="com.ics.tests.ia.RegressionSuite_WebServices_IA">
    <skipped/>
  </testcase> <!-- testICSDebitFraudItemDetailsQuery -->
  <testcase name="testICSRepairedItemDetailsQuery" classname="com.ics.tests.ia.RegressionSuite_WebServices_IA">
    <skipped/>
  </testcase> <!-- testICSRepairedItemDetailsQuery -->
  <testcase name="testICSItemSearchQuery" classname="com.ics.tests.ia.RegressionSuite_WebServices_IA">
    <skipped/>
  </testcase> <!-- testICSItemSearchQuery -->
  <testcase name="testICSCreditFraudItemDetailsQuery" classname="com.ics.tests.ia.RegressionSuite_WebServices_IA">
    <skipped/>
  </testcase> <!-- testICSCreditFraudItemDetailsQuery -->
  <testcase name="testICSDefaultedItemDetailsQuery" classname="com.ics.tests.ia.RegressionSuite_WebServices_IA">
    <skipped/>
  </testcase> <!-- testICSDefaultedItemDetailsQuery -->
</testsuite> <!-- com.ics.tests.ia.RegressionSuite_WebServices_IA -->
